<html>
<head>
<title>TestNG:  Test</title>
<link href="../testng.css" rel="stylesheet" type="text/css" />
<link href="../my-testng.css" rel="stylesheet" type="text/css" />

<style type="text/css">
.log { display: none;} 
.stack-trace { display: none;} 
</style>
<script type="text/javascript">
<!--
function flip(e) {
  current = e.style.display;
  if (current == 'block') {
    e.style.display = 'none';
    return 0;
  }
  else {
    e.style.display = 'block';
    return 1;
  }
}

function toggleBox(szDivId, elem, msg1, msg2)
{
  var res = -1;  if (document.getElementById) {
    res = flip(document.getElementById(szDivId));
  }
  else if (document.all) {
    // this is the way old msie versions work
    res = flip(document.all[szDivId]);
  }
  if(elem) {
    if(res == 0) elem.innerHTML = msg1; else elem.innerHTML = msg2;
  }

}

function toggleAllBoxes() {
  if (document.getElementsByTagName) {
    d = document.getElementsByTagName('div');
    for (i = 0; i < d.length; i++) {
      if (d[i].className == 'log') {
        flip(d[i]);
      }
    }
  }
}

// -->
</script>

</head>
<body>
<h2 align='center'>Test</h2><table border='1' align="center">
<tr>
<td>Tests passed/Failed/Skipped:</td><td>12/3/0</td>
</tr><tr>
<td>Started on:</td><td>Fri Jan 07 07:33:13 ICT 2022</td>
</tr>
<tr><td>Total time:</td><td>148 seconds (148428 ms)</td>
</tr><tr>
<td>Included groups:</td><td></td>
</tr><tr>
<td>Excluded groups:</td><td></td>
</tr>
</table><p/>
<small><i>(Hover the method name to see the test class name)</i></small><p/>
<table width='100%' border='1' class='invocation-failed'>
<tr><td colspan='4' align='center'><b>FAILED TESTS</b></td></tr>
<tr><td><b>Test method</b></td>
<td width="30%"><b>Exception</b></td>
<td width="10%"><b>Time (seconds)</b></td>
<td><b>Instance</b></td>
</tr>
<tr>
<td title='Railway.TC05.TC05()'><b>TC05</b><br>Test class: Railway.TC05<br>Test method: TC05 - System shows message when user enters wrong password several times</td>
<td><div><pre>java.lang.AssertionError: System doesn&apos;t show message when user enters wrong password several times expected [You have used 4 out of 5 login attempts. After all 5 have been used, you will be unable to login for 15 minutes.] but found [Invalid username or password. Please try again.]
	at Railway.TC05.TC05(TC05.java:33)
	at com.intellij.rt.testng.IDEARemoteTestNG.run(IDEARemoteTestNG.java:66)
	at com.intellij.rt.testng.RemoteTestNGStarter.main(RemoteTestNGStarter.java:109)
... Removed 27 stack frames</pre></div><a href='#' onClick='toggleBox("stack-trace264394929", this, "Click to show all stack frames", "Click to hide stack frames")'>Click to show all stack frames</a>
<div class='stack-trace' id='stack-trace264394929'><pre>java.lang.AssertionError: System doesn&apos;t show message when user enters wrong password several times expected [You have used 4 out of 5 login attempts. After all 5 have been used, you will be unable to login for 15 minutes.] but found [Invalid username or password. Please try again.]
	at org.testng.Assert.fail(Assert.java:96)
	at org.testng.Assert.failNotEquals(Assert.java:776)
	at org.testng.Assert.assertEqualsImpl(Assert.java:137)
	at org.testng.Assert.assertEquals(Assert.java:118)
	at org.testng.Assert.assertEquals(Assert.java:453)
	at Railway.TC05.TC05(TC05.java:33)
	at sun.reflect.NativeMethodAccessorImpl.invoke0(Native Method)
	at sun.reflect.NativeMethodAccessorImpl.invoke(NativeMethodAccessorImpl.java:62)
	at sun.reflect.DelegatingMethodAccessorImpl.invoke(DelegatingMethodAccessorImpl.java:43)
	at java.lang.reflect.Method.invoke(Method.java:498)
	at org.testng.internal.MethodInvocationHelper.invokeMethod(MethodInvocationHelper.java:124)
	at org.testng.internal.Invoker.invokeMethod(Invoker.java:583)
	at org.testng.internal.Invoker.invokeTestMethod(Invoker.java:719)
	at org.testng.internal.Invoker.invokeTestMethods(Invoker.java:989)
	at org.testng.internal.TestMethodWorker.invokeTestMethods(TestMethodWorker.java:125)
	at org.testng.internal.TestMethodWorker.run(TestMethodWorker.java:109)
	at org.testng.TestRunner.privateRun(TestRunner.java:648)
	at org.testng.TestRunner.run(TestRunner.java:505)
	at org.testng.SuiteRunner.runTest(SuiteRunner.java:455)
	at org.testng.SuiteRunner.runSequentially(SuiteRunner.java:450)
	at org.testng.SuiteRunner.privateRun(SuiteRunner.java:415)
	at org.testng.SuiteRunner.run(SuiteRunner.java:364)
	at org.testng.SuiteRunnerWorker.runSuite(SuiteRunnerWorker.java:52)
	at org.testng.SuiteRunnerWorker.run(SuiteRunnerWorker.java:84)
	at org.testng.TestNG.runSuitesSequentially(TestNG.java:1208)
	at org.testng.TestNG.runSuitesLocally(TestNG.java:1137)
	at org.testng.TestNG.runSuites(TestNG.java:1049)
	at org.testng.TestNG.run(TestNG.java:1017)
	at com.intellij.rt.testng.IDEARemoteTestNG.run(IDEARemoteTestNG.java:66)
	at com.intellij.rt.testng.RemoteTestNGStarter.main(RemoteTestNGStarter.java:109)
</pre></div></td>
<td>6</td>
<td>Railway.TC05@27f723</td></tr>
<tr>
<td title='Railway.TC08.TC08()'><b>TC08</b><br>Test class: Railway.TC08<br>Test method: User can't login with an account hasn't been activated</td>
<td><div><pre>java.lang.AssertionError: User can login with un-active account expected [Invalid username or password. Please try again.] but found []
	at Railway.TC08.TC08(TC08.java:43)
	at com.intellij.rt.testng.IDEARemoteTestNG.run(IDEARemoteTestNG.java:66)
	at com.intellij.rt.testng.RemoteTestNGStarter.main(RemoteTestNGStarter.java:109)
... Removed 27 stack frames</pre></div><a href='#' onClick='toggleBox("stack-trace1657125852", this, "Click to show all stack frames", "Click to hide stack frames")'>Click to show all stack frames</a>
<div class='stack-trace' id='stack-trace1657125852'><pre>java.lang.AssertionError: User can login with un-active account expected [Invalid username or password. Please try again.] but found []
	at org.testng.Assert.fail(Assert.java:96)
	at org.testng.Assert.failNotEquals(Assert.java:776)
	at org.testng.Assert.assertEqualsImpl(Assert.java:137)
	at org.testng.Assert.assertEquals(Assert.java:118)
	at org.testng.Assert.assertEquals(Assert.java:453)
	at Railway.TC08.TC08(TC08.java:43)
	at sun.reflect.NativeMethodAccessorImpl.invoke0(Native Method)
	at sun.reflect.NativeMethodAccessorImpl.invoke(NativeMethodAccessorImpl.java:62)
	at sun.reflect.DelegatingMethodAccessorImpl.invoke(DelegatingMethodAccessorImpl.java:43)
	at java.lang.reflect.Method.invoke(Method.java:498)
	at org.testng.internal.MethodInvocationHelper.invokeMethod(MethodInvocationHelper.java:124)
	at org.testng.internal.Invoker.invokeMethod(Invoker.java:583)
	at org.testng.internal.Invoker.invokeTestMethod(Invoker.java:719)
	at org.testng.internal.Invoker.invokeTestMethods(Invoker.java:989)
	at org.testng.internal.TestMethodWorker.invokeTestMethods(TestMethodWorker.java:125)
	at org.testng.internal.TestMethodWorker.run(TestMethodWorker.java:109)
	at org.testng.TestRunner.privateRun(TestRunner.java:648)
	at org.testng.TestRunner.run(TestRunner.java:505)
	at org.testng.SuiteRunner.runTest(SuiteRunner.java:455)
	at org.testng.SuiteRunner.runSequentially(SuiteRunner.java:450)
	at org.testng.SuiteRunner.privateRun(SuiteRunner.java:415)
	at org.testng.SuiteRunner.run(SuiteRunner.java:364)
	at org.testng.SuiteRunnerWorker.runSuite(SuiteRunnerWorker.java:52)
	at org.testng.SuiteRunnerWorker.run(SuiteRunnerWorker.java:84)
	at org.testng.TestNG.runSuitesSequentially(TestNG.java:1208)
	at org.testng.TestNG.runSuitesLocally(TestNG.java:1137)
	at org.testng.TestNG.runSuites(TestNG.java:1049)
	at org.testng.TestNG.run(TestNG.java:1017)
	at com.intellij.rt.testng.IDEARemoteTestNG.run(IDEARemoteTestNG.java:66)
	at com.intellij.rt.testng.RemoteTestNGStarter.main(RemoteTestNGStarter.java:109)
</pre></div></td>
<td>3</td>
<td>Railway.TC08@44c8afef</td></tr>
<tr>
<td title='Railway.TC15.TC15()'><b>TC15</b><br>Test class: Railway.TC15<br>Test method: TC15 - 'Ticket price' page displays with ticket details after clicking on 'check price' link in 'Train timetable' page<br>Parameters: Đà Nẵng, Sài Gòn, 90000, 115000, 140000, 190000, 240000, 290000</td>
<td><div><pre>java.lang.AssertionError: Table Title is not displayed correctly expected [Ticket price from Đà Nẵng to Sài Gòn] but found [Ticket price from Sài Gòn to Phan Thiết]
	at Railway.TC15.TC15(TC15.java:78)
	at com.intellij.rt.testng.IDEARemoteTestNG.run(IDEARemoteTestNG.java:66)
	at com.intellij.rt.testng.RemoteTestNGStarter.main(RemoteTestNGStarter.java:109)
... Removed 27 stack frames</pre></div><a href='#' onClick='toggleBox("stack-trace1821581506", this, "Click to show all stack frames", "Click to hide stack frames")'>Click to show all stack frames</a>
<div class='stack-trace' id='stack-trace1821581506'><pre>java.lang.AssertionError: Table Title is not displayed correctly expected [Ticket price from Đà Nẵng to Sài Gòn] but found [Ticket price from Sài Gòn to Phan Thiết]
	at org.testng.Assert.fail(Assert.java:96)
	at org.testng.Assert.failNotEquals(Assert.java:776)
	at org.testng.Assert.assertEqualsImpl(Assert.java:137)
	at org.testng.Assert.assertEquals(Assert.java:118)
	at org.testng.Assert.assertEquals(Assert.java:453)
	at Railway.TC15.TC15(TC15.java:78)
	at sun.reflect.NativeMethodAccessorImpl.invoke0(Native Method)
	at sun.reflect.NativeMethodAccessorImpl.invoke(NativeMethodAccessorImpl.java:62)
	at sun.reflect.DelegatingMethodAccessorImpl.invoke(DelegatingMethodAccessorImpl.java:43)
	at java.lang.reflect.Method.invoke(Method.java:498)
	at org.testng.internal.MethodInvocationHelper.invokeMethod(MethodInvocationHelper.java:124)
	at org.testng.internal.Invoker.invokeMethod(Invoker.java:583)
	at org.testng.internal.Invoker.invokeTestMethod(Invoker.java:719)
	at org.testng.internal.Invoker.invokeTestMethods(Invoker.java:989)
	at org.testng.internal.TestMethodWorker.invokeTestMethods(TestMethodWorker.java:125)
	at org.testng.internal.TestMethodWorker.run(TestMethodWorker.java:109)
	at org.testng.TestRunner.privateRun(TestRunner.java:648)
	at org.testng.TestRunner.run(TestRunner.java:505)
	at org.testng.SuiteRunner.runTest(SuiteRunner.java:455)
	at org.testng.SuiteRunner.runSequentially(SuiteRunner.java:450)
	at org.testng.SuiteRunner.privateRun(SuiteRunner.java:415)
	at org.testng.SuiteRunner.run(SuiteRunner.java:364)
	at org.testng.SuiteRunnerWorker.runSuite(SuiteRunnerWorker.java:52)
	at org.testng.SuiteRunnerWorker.run(SuiteRunnerWorker.java:84)
	at org.testng.TestNG.runSuitesSequentially(TestNG.java:1208)
	at org.testng.TestNG.runSuitesLocally(TestNG.java:1137)
	at org.testng.TestNG.runSuites(TestNG.java:1049)
	at org.testng.TestNG.run(TestNG.java:1017)
	at com.intellij.rt.testng.IDEARemoteTestNG.run(IDEARemoteTestNG.java:66)
	at com.intellij.rt.testng.RemoteTestNGStarter.main(RemoteTestNGStarter.java:109)
</pre></div></td>
<td>5</td>
<td>Railway.TC15@262b2c86</td></tr>
</table><p>
<table width='100%' border='1' class='invocation-passed'>
<tr><td colspan='4' align='center'><b>PASSED TESTS</b></td></tr>
<tr><td><b>Test method</b></td>
<td width="30%"><b>Exception</b></td>
<td width="10%"><b>Time (seconds)</b></td>
<td><b>Instance</b></td>
</tr>
<tr>
<td title='Railway.TC01.TC01()'><b>TC01</b><br>Test class: Railway.TC01<br>Test method: TC01 - User can log in into Railway Website with valid username and password</td>
<td></td>
<td>4</td>
<td>Railway.TC01@25af5db5</td></tr>
<tr>
<td title='Railway.TC02.TC02()'><b>TC02</b><br>Test class: Railway.TC02<br>Test method: TC02 - User can't login with blank 'Username' text box</td>
<td></td>
<td>3</td>
<td>Railway.TC02@12cdcf4</td></tr>
<tr>
<td title='Railway.TC03.TC03()'><b>TC03</b><br>Test class: Railway.TC03<br>Test method: TC03 - User cannot log into Railway with invalid password</td>
<td></td>
<td>4</td>
<td>Railway.TC03@5bcea91b</td></tr>
<tr>
<td title='Railway.TC04.TC04()'><b>TC04</b><br>Test class: Railway.TC04<br>Test method: TC-04 - User is redirected to Book ticket page after logging in</td>
<td></td>
<td>5</td>
<td>Railway.TC04@5f3a4b84</td></tr>
<tr>
<td title='Railway.TC06.TC06()'><b>TC06</b><br>Test class: Railway.TC06<br>Test method: TC06 - User is redirected to Home page after logging out</td>
<td></td>
<td>6</td>
<td>Railway.TC06@670b40af</td></tr>
<tr>
<td title='Railway.TC07.TC07()'><b>TC07</b><br>Test class: Railway.TC07<br>Test method: TC07 - User can create new account</td>
<td></td>
<td>4</td>
<td>Railway.TC07@4923ab24</td></tr>
<tr>
<td title='Railway.TC09.TC09()'><b>TC09</b><br>Test class: Railway.TC09<br>Test method: TC09 - User can't change password when 'New Password' and 'Confirm Password' are different.</td>
<td></td>
<td>5</td>
<td>Railway.TC09@7b69c6ba</td></tr>
<tr>
<td title='Railway.TC10.TC10()'><b>TC10</b><br>Test class: Railway.TC10<br>Test method: TC10 - User can't create account with an already in-use email</td>
<td></td>
<td>3</td>
<td>Railway.TC10@46daef40</td></tr>
<tr>
<td title='Railway.TC11.TC11()'><b>TC11</b><br>Test class: Railway.TC11<br>Test method: User can't create account while password and PID fields are empty</td>
<td></td>
<td>3</td>
<td>Railway.TC11@12f41634</td></tr>
<tr>
<td title='Railway.TC14.TC14()'><b>TC14</b><br>Test class: Railway.TC14<br>Test method: TC-14:User can book many tickets at a time<br>Parameters: Nha Trang, Sài Gòn, Soft seat with air conditioner, 5, 1350000</td>
<td></td>
<td>6</td>
<td>Railway.TC14@13c27452</td></tr>
<tr>
<td title='Railway.TC16.TC16()'><b>TC16</b><br>Test class: Railway.TC16<br>Test method: TC16 - User can cancel a ticket<br>Parameters: Nha Trang, Sài Gòn, Soft seat with air conditioner, 5</td>
<td></td>
<td>9</td>
<td>Railway.TC16@371a67ec</td></tr>
<tr>
<td title='Railway.TC17.TC17()'><b>TC17</b><br>Test class: Railway.TC17<br>Test method: TC17 - User can't book more than 10 tickets<br>Parameters: Nha Trang, Sài Gòn, Soft seat with air conditioner, 10</td>
<td></td>
<td>14</td>
<td>Railway.TC17@5ed828d</td></tr>
</table><p>
</body>
</html>