<?xml version="1.0" encoding="UTF-8"?>
<testng-results skipped="0" failed="1" ignored="0" total="1" passed="0">
  <reporter-output>
  </reporter-output>
  <suite name="Default Suite" duration-ms="12563" started-at="2022-01-06T14:21:25Z" finished-at="2022-01-06T14:21:37Z">
    <groups>
    </groups>
    <test name="SeleniumLevel1" duration-ms="12563" started-at="2022-01-06T14:21:25Z" finished-at="2022-01-06T14:21:37Z">
      <class name="Railway.TC15">
        <test-method status="PASS" signature="beforeMethod()[pri:0, instance:Railway.TC15@7c30a502]" name="beforeMethod" is-config="true" duration-ms="1782" started-at="2022-01-06T14:21:25Z" finished-at="2022-01-06T14:21:26Z">
          <reporter-output>
          </reporter-output>
        </test-method> <!-- beforeMethod -->
        <test-method status="PASS" signature="setTestPreCondition()[pri:0, instance:Railway.TC15@7c30a502]" name="setTestPreCondition" is-config="true" duration-ms="4672" started-at="2022-01-06T14:21:26Z" finished-at="2022-01-06T14:21:31Z">
          <reporter-output>
          </reporter-output>
        </test-method> <!-- setTestPreCondition -->
        <test-method status="FAIL" signature="TC15(java.lang.String, java.lang.String, java.lang.String, java.lang.String, java.lang.String, java.lang.String)[pri:0, instance:Railway.TC15@7c30a502]" name="TC15" duration-ms="5447" started-at="2022-01-06T14:21:31Z" description="TC15 - &#039;Ticket price&#039; page displays with ticket details after clicking on &#039;check price&#039; link in &#039;Train timetable&#039; page" data-provider="data-provider15" finished-at="2022-01-06T14:21:37Z">
          <params>
            <param index="0">
              <value>
                <![CDATA[90000]]>
              </value>
            </param>
            <param index="1">
              <value>
                <![CDATA[115000]]>
              </value>
            </param>
            <param index="2">
              <value>
                <![CDATA[140000]]>
              </value>
            </param>
            <param index="3">
              <value>
                <![CDATA[190000]]>
              </value>
            </param>
            <param index="4">
              <value>
                <![CDATA[240000]]>
              </value>
            </param>
            <param index="5">
              <value>
                <![CDATA[290000]]>
              </value>
            </param>
          </params>
          <exception class="java.lang.AssertionError">
            <message>
              <![CDATA[Table Title is not displayed correctly expected [Ticket price from Đà Nẵng to Sài Gòn] but found [Ticket price from Sài Gòn to Phan Thiết]]]>
            </message>
            <full-stacktrace>
              <![CDATA[java.lang.AssertionError: Table Title is not displayed correctly expected [Ticket price from Đà Nẵng to Sài Gòn] but found [Ticket price from Sài Gòn to Phan Thiết]
at org.testng.Assert.fail(Assert.java:96)
at org.testng.Assert.failNotEquals(Assert.java:776)
at org.testng.Assert.assertEqualsImpl(Assert.java:137)
at org.testng.Assert.assertEquals(Assert.java:118)
at org.testng.Assert.assertEquals(Assert.java:453)
at Railway.TC15.TC15(TC15.java:78)
at sun.reflect.NativeMethodAccessorImpl.invoke0(Native Method)
at sun.reflect.NativeMethodAccessorImpl.invoke(NativeMethodAccessorImpl.java:62)
at sun.reflect.DelegatingMethodAccessorImpl.invoke(DelegatingMethodAccessorImpl.java:43)
at java.lang.reflect.Method.invoke(Method.java:498)
at org.testng.internal.MethodInvocationHelper.invokeMethod(MethodInvocationHelper.java:124)
at org.testng.internal.Invoker.invokeMethod(Invoker.java:583)
at org.testng.internal.Invoker.invokeTestMethod(Invoker.java:719)
at org.testng.internal.Invoker.invokeTestMethods(Invoker.java:989)
at org.testng.internal.TestMethodWorker.invokeTestMethods(TestMethodWorker.java:125)
at org.testng.internal.TestMethodWorker.run(TestMethodWorker.java:109)
at org.testng.TestRunner.privateRun(TestRunner.java:648)
at org.testng.TestRunner.run(TestRunner.java:505)
at org.testng.SuiteRunner.runTest(SuiteRunner.java:455)
at org.testng.SuiteRunner.runSequentially(SuiteRunner.java:450)
at org.testng.SuiteRunner.privateRun(SuiteRunner.java:415)
at org.testng.SuiteRunner.run(SuiteRunner.java:364)
at org.testng.SuiteRunnerWorker.runSuite(SuiteRunnerWorker.java:52)
at org.testng.SuiteRunnerWorker.run(SuiteRunnerWorker.java:84)
at org.testng.TestNG.runSuitesSequentially(TestNG.java:1208)
at org.testng.TestNG.runSuitesLocally(TestNG.java:1137)
at org.testng.TestNG.runSuites(TestNG.java:1049)
at org.testng.TestNG.run(TestNG.java:1017)
at com.intellij.rt.testng.IDEARemoteTestNG.run(IDEARemoteTestNG.java:66)
at com.intellij.rt.testng.RemoteTestNGStarter.main(RemoteTestNGStarter.java:109)
]]>
            </full-stacktrace>
          </exception> <!-- java.lang.AssertionError -->
          <reporter-output>
          </reporter-output>
        </test-method> <!-- TC15 -->
        <test-method status="PASS" signature="afterMethod()[pri:0, instance:Railway.TC15@7c30a502]" name="afterMethod" is-config="true" duration-ms="607" started-at="2022-01-06T14:21:37Z" finished-at="2022-01-06T14:21:37Z">
          <reporter-output>
          </reporter-output>
        </test-method> <!-- afterMethod -->
      </class> <!-- Railway.TC15 -->
    </test> <!-- SeleniumLevel1 -->
  </suite> <!-- Default Suite -->
</testng-results>
